Performing C SOURCE FILE Test CMAKE_HAVE_LIBC_PTHREAD failed with the following output:
Change Dir: /home/zenghui/CLionProjects/untitled/cmake-build-debug/CMakeFiles/CMakeScratch/TryCompile-t0KftQ

Run Build Command(s):/opt/apps/com.jetbrains.clion/files/bin/ninja/linux/x64/ninja cmTC_37a85 && [1/2] Building C object CMakeFiles/cmTC_37a85.dir/src.c.o
[2/2] Linking C executable cmTC_37a85
[31mFAILED: [0mcmTC_37a85 
: && /usr/bin/cc   CMakeFiles/cmTC_37a85.dir/src.c.o -o cmTC_37a85   && :
/usr/bin/ld: CMakeFiles/cmTC_37a85.dir/src.c.o: in function `main':
src.c:(.text+0x2d): undefined reference to `pthread_create'
/usr/bin/ld: src.c:(.text+0x39): undefined reference to `pthread_detach'
/usr/bin/ld: src.c:(.text+0x45): undefined reference to `pthread_cancel'
/usr/bin/ld: src.c:(.text+0x56): undefined reference to `pthread_join'
collect2: error: ld returned 1 exit status
ninja: build stopped: subcommand failed.


Source file was:
#include <pthread.h>

static void* test_func(void* data)
{
  return data;
}

int main(void)
{
  pthread_t thread;
  pthread_create(&thread, NULL, test_func, NULL);
  pthread_detach(thread);
  pthread_cancel(thread);
  pthread_join(thread, NULL);
  pthread_atfork(NULL, NULL, NULL);
  pthread_exit(NULL);

  return 0;
}


Determining if the function pthread_create exists in the pthreads failed with the following output:
Change Dir: /home/zenghui/CLionProjects/untitled/cmake-build-debug/CMakeFiles/CMakeScratch/TryCompile-CQr1im

Run Build Command(s):/opt/apps/com.jetbrains.clion/files/bin/ninja/linux/x64/ninja cmTC_74b9e && [1/2] Building C object CMakeFiles/cmTC_74b9e.dir/CheckFunctionExists.c.o
[2/2] Linking C executable cmTC_74b9e
[31mFAILED: [0mcmTC_74b9e 
: && /usr/bin/cc -DCHECK_FUNCTION_EXISTS=pthread_create  CMakeFiles/cmTC_74b9e.dir/CheckFunctionExists.c.o -o cmTC_74b9e  -lpthreads && :
/usr/bin/ld: 找不到 -lpthreads
collect2: error: ld returned 1 exit status
ninja: build stopped: subcommand failed.



